<?xml version="1.0" encoding="UTF-8"?>
<!-- Generated by org.testng.reporters.JUnitReportReporter -->
<testsuite hostname="DESKTOP-1CCS179" failures="0" tests="2" name="com.opencart.testLayer.LoginTest" time="27.168" errors="0" timestamp="2023-09-29T09:44:55 IST" skipped="0">
  <testcase classname="com.opencart.testLayer.LoginTest" name="validateloggingintotheApplicationusinginvalidcredentials" time="14.769"/>
  <system-out/>
  <testcase classname="com.opencart.testLayer.LoginTest" name="validateloggingintotheApplicationusingvalidcredentials" time="12.399"/>
  <system-out/>
</testsuite> <!-- com.opencart.testLayer.LoginTest -->
